<?xml version="1.0" encoding="UTF-8"?>
<!-- Generated by org.testng.reporters.JUnitReportReporter -->
<testsuite hostname="Abiramis-MBP.fritz.box" failures="0" tests="3" name="cucumberOptions.TestNGTestRunner" time="51.360" errors="0" timestamp="2023-08-20T22:36:40 CEST" skipped="0">
  <testcase classname="cucumberOptions.TestNGTestRunner" name="runScenario" time="13.832"/>
  <system-out/>
  <testcase classname="cucumberOptions.TestNGTestRunner" name="runScenario" time="28.430"/>
  <system-out/>
  <testcase classname="cucumberOptions.TestNGTestRunner" name="runScenario" time="9.098"/>
  <system-out/>
</testsuite> <!-- cucumberOptions.TestNGTestRunner -->
