<?xml version="1.0" encoding="UTF-8"?>
<!-- Generated by org.testng.reporters.JUnitReportReporter -->
<testsuite hostname="Abiramis-MBP.fritz.box" failures="0" tests="1" name="cucumberOptions.TestNGTestRunner" time="22.100" errors="0" timestamp="2023-08-31T21:42:03 CEST" skipped="0">
  <testcase classname="cucumberOptions.TestNGTestRunner" name="runScenario" time="22.100"/>
  <system-out/>
</testsuite> <!-- cucumberOptions.TestNGTestRunner -->
