<?xml version="1.0" encoding="UTF-8"?>
<!-- Generated by org.testng.reporters.JUnitReportReporter -->
<testsuite hostname="Abiramis-MBP.fritz.box" failures="0" tests="2" name="cucumberOptions.FailedTestRunner" time="57.608" errors="0" timestamp="2023-09-07T23:18:03 CEST" skipped="0">
  <testcase classname="cucumberOptions.FailedTestRunner" name="runScenario" time="19.796"/>
  <system-out/>
  <testcase classname="cucumberOptions.FailedTestRunner" name="runScenario" time="37.812"/>
  <system-out/>
</testsuite> <!-- cucumberOptions.FailedTestRunner -->
